<?xml version="1.0" encoding="UTF-8"?>
<testng-results ignored="0" total="9" passed="8" failed="1" skipped="0">
  <reporter-output>
  </reporter-output>
  <suite started-at="2022-01-01T14:42:38 GST" name="Suite" finished-at="2022-01-01T14:43:13 GST" duration-ms="34928">
    <groups>
    </groups>
    <test started-at="2022-01-01T14:42:38 GST" name="Test" finished-at="2022-01-01T14:43:13 GST" duration-ms="34928">
      <class name="Testcases.PlaceOrder">
        <test-method is-config="true" signature="setUp()[pri:0, instance:Testcases.PlaceOrder@12a94400]" started-at="2022-01-01T14:42:25 GST" name="setUp" finished-at="2022-01-01T14:42:38 GST" duration-ms="12747" status="PASS">
          <reporter-output>
          </reporter-output>
        </test-method> <!-- setUp -->
        <test-method signature="selectCategory()[pri:1, instance:Testcases.PlaceOrder@12a94400]" started-at="2022-01-01T14:42:38 GST" name="selectCategory" finished-at="2022-01-01T14:42:45 GST" duration-ms="7565" status="PASS">
          <reporter-output>
          </reporter-output>
        </test-method> <!-- selectCategory -->
        <test-method signature="productPrice()[pri:2, instance:Testcases.PlaceOrder@12a94400]" started-at="2022-01-01T14:42:45 GST" name="productPrice" finished-at="2022-01-01T14:42:47 GST" duration-ms="1806" status="FAIL">
          <exception class="java.lang.AssertionError">
            <message>
              <![CDATA[ There are products price not between 39 and 80. expected [true] but found [false]]]>
            </message>
            <full-stacktrace>
              <![CDATA[java.lang.AssertionError:  There are products price not between 39 and 80. expected [true] but found [false]
at org.testng.Assert.fail(Assert.java:99)
at org.testng.Assert.failNotEquals(Assert.java:1037)
at org.testng.Assert.assertTrue(Assert.java:45)
at Testcases.PlaceOrder.productPrice(PlaceOrder.java:78)
at java.base/jdk.internal.reflect.NativeMethodAccessorImpl.invoke0(Native Method)
at java.base/jdk.internal.reflect.NativeMethodAccessorImpl.invoke(NativeMethodAccessorImpl.java:78)
at java.base/jdk.internal.reflect.DelegatingMethodAccessorImpl.invoke(DelegatingMethodAccessorImpl.java:43)
at java.base/java.lang.reflect.Method.invoke(Method.java:567)
at org.testng.internal.MethodInvocationHelper.invokeMethod(MethodInvocationHelper.java:133)
at org.testng.internal.TestInvoker.invokeMethod(TestInvoker.java:598)
at org.testng.internal.TestInvoker.invokeTestMethod(TestInvoker.java:173)
at org.testng.internal.MethodRunner.runInSequence(MethodRunner.java:46)
at org.testng.internal.TestInvoker$MethodInvocationAgent.invoke(TestInvoker.java:824)
at org.testng.internal.TestInvoker.invokeTestMethods(TestInvoker.java:146)
at org.testng.internal.TestMethodWorker.invokeTestMethods(TestMethodWorker.java:146)
at org.testng.internal.TestMethodWorker.run(TestMethodWorker.java:128)
at java.base/java.util.ArrayList.forEach(ArrayList.java:1511)
at org.testng.TestRunner.privateRun(TestRunner.java:794)
at org.testng.TestRunner.run(TestRunner.java:596)
at org.testng.SuiteRunner.runTest(SuiteRunner.java:377)
at org.testng.SuiteRunner.runSequentially(SuiteRunner.java:371)
at org.testng.SuiteRunner.privateRun(SuiteRunner.java:332)
at org.testng.SuiteRunner.run(SuiteRunner.java:276)
at org.testng.SuiteRunnerWorker.runSuite(SuiteRunnerWorker.java:53)
at org.testng.SuiteRunnerWorker.run(SuiteRunnerWorker.java:96)
at org.testng.TestNG.runSuitesSequentially(TestNG.java:1212)
at org.testng.TestNG.runSuitesLocally(TestNG.java:1134)
at org.testng.TestNG.runSuites(TestNG.java:1063)
at org.testng.TestNG.run(TestNG.java:1031)
at org.testng.remote.AbstractRemoteTestNG.run(AbstractRemoteTestNG.java:115)
at org.testng.remote.RemoteTestNG.initAndRun(RemoteTestNG.java:251)
at org.testng.remote.RemoteTestNG.main(RemoteTestNG.java:77)
]]>
            </full-stacktrace>
          </exception> <!-- java.lang.AssertionError -->
          <reporter-output>
          </reporter-output>
        </test-method> <!-- productPrice -->
        <test-method signature="addLastProductToCart()[pri:3, instance:Testcases.PlaceOrder@12a94400]" started-at="2022-01-01T14:42:47 GST" name="addLastProductToCart" finished-at="2022-01-01T14:42:58 GST" duration-ms="10377" status="PASS">
          <reporter-output>
          </reporter-output>
        </test-method> <!-- addLastProductToCart -->
        <test-method signature="verifyLastItemAdded()[pri:4, instance:Testcases.PlaceOrder@12a94400]" started-at="2022-01-01T14:42:58 GST" name="verifyLastItemAdded" finished-at="2022-01-01T14:43:01 GST" duration-ms="3071" status="PASS">
          <reporter-output>
          </reporter-output>
        </test-method> <!-- verifyLastItemAdded -->
        <test-method signature="checkFirstProductName()[pri:5, instance:Testcases.PlaceOrder@12a94400]" started-at="2022-01-01T14:43:01 GST" name="checkFirstProductName" finished-at="2022-01-01T14:43:07 GST" duration-ms="6183" status="PASS">
          <reporter-output>
          </reporter-output>
        </test-method> <!-- checkFirstProductName -->
        <test-method signature="verifyProductScreenshots()[pri:6, instance:Testcases.PlaceOrder@12a94400]" started-at="2022-01-01T14:43:07 GST" name="verifyProductScreenshots" finished-at="2022-01-01T14:43:07 GST" duration-ms="30" status="PASS">
          <reporter-output>
          </reporter-output>
        </test-method> <!-- verifyProductScreenshots -->
        <test-method signature="addToCart()[pri:7, instance:Testcases.PlaceOrder@12a94400]" started-at="2022-01-01T14:43:07 GST" name="addToCart" finished-at="2022-01-01T14:43:08 GST" duration-ms="970" status="PASS">
          <reporter-output>
          </reporter-output>
        </test-method> <!-- addToCart -->
        <test-method signature="verifyItemAdded()[pri:8, instance:Testcases.PlaceOrder@12a94400]" started-at="2022-01-01T14:43:08 GST" name="verifyItemAdded" finished-at="2022-01-01T14:43:11 GST" duration-ms="3420" status="PASS">
          <reporter-output>
          </reporter-output>
        </test-method> <!-- verifyItemAdded -->
        <test-method signature="verifyCartItems()[pri:10, instance:Testcases.PlaceOrder@12a94400]" started-at="2022-01-01T14:43:11 GST" name="verifyCartItems" finished-at="2022-01-01T14:43:13 GST" duration-ms="1351" status="PASS">
          <reporter-output>
          </reporter-output>
        </test-method> <!-- verifyCartItems -->
        <test-method is-config="true" signature="close_browser()[pri:0, instance:Testcases.PlaceOrder@12a94400]" started-at="2022-01-01T14:43:13 GST" name="close_browser" finished-at="2022-01-01T14:43:13 GST" duration-ms="206" status="PASS">
          <reporter-output>
          </reporter-output>
        </test-method> <!-- close_browser -->
      </class> <!-- Testcases.PlaceOrder -->
    </test> <!-- Test -->
  </suite> <!-- Suite -->
</testng-results>
